2014-10-25 21:58:31.099 HelloCordova[8073:7790494] DiskCookieStorage changing policy from 2 to 0, cookie file: file:///Users/stanzheng/Library/Developer/CoreSimulator/Devices/22287734-C042-445B-85CB-BC6183137A09/data/Containers/Data/Application/A813AB04-56EC-4706-A6AE-47B4A7DCBCF1/Library/Cookies/Cookies.binarycookies
2014-10-25 21:58:31.285 HelloCordova[8073:7790494] Apache Cordova native platform version 3.6.3 is starting.
2014-10-25 21:58:31.286 HelloCordova[8073:7790494] Multi-tasking -> Device: YES, App: YES
2014-10-25 21:58:31.321 HelloCordova[8073:7790494] Unlimited access to network resources
2014-10-25 21:58:31.820 HelloCordova[8073:7790494] CDVPlugin class IonicKeyboard (pluginName: keyboard) does not exist.
2014-10-25 21:58:31.820 HelloCordova[8073:7790494] [CDVTimer][keyboard] 0.221014ms
2014-10-25 21:58:31.820 HelloCordova[8073:7790494] [CDVTimer][TotalPluginStartup] 0.425994ms
2014-10-25 21:58:32.235 HelloCordova[8073:7790494] Resetting plugins due to page load.
2014-10-25 21:58:32.627 HelloCordova[8073:7790494] Finished load of: file:///Users/stanzheng/Library/Developer/CoreSimulator/Devices/22287734-C042-445B-85CB-BC6183137A09/data/Containers/Bundle/Application/B55FC5E8-0784-431E-9810-16489213DC60/HelloCordova.app/www/index.html#/signin
2014-10-25 21:58:32.669 HelloCordova[8073:7790494] CDVPlugin class CDVDevice (pluginName: Device) does not exist.
2014-10-25 21:58:32.669 HelloCordova[8073:7790494] ERROR: Plugin 'Device' not found, or is not a CDVPlugin. Check your plugin mapping in config.xml.
2014-10-25 21:58:32.670 HelloCordova[8073:7790494] -[CDVCommandQueue executePending] [Line 158] FAILED pluginJSON = [
  "Device1757933842",
  "Device",
  "getDeviceInfo",
  [

  ]
]
2014-10-26 19:03:45.824 HelloCordova[33014:8670801] DiskCookieStorage changing policy from 2 to 0, cookie file: file:///Users/stanzheng/Library/Developer/CoreSimulator/Devices/22287734-C042-445B-85CB-BC6183137A09/data/Containers/Data/Application/96915249-0A45-46DB-ADCF-F89C1E29D766/Library/Cookies/Cookies.binarycookies
2014-10-26 19:03:45.944 HelloCordova[33014:8670801] Apache Cordova native platform version 3.6.3 is starting.
2014-10-26 19:03:45.945 HelloCordova[33014:8670801] Multi-tasking -> Device: YES, App: YES
2014-10-26 19:03:45.972 HelloCordova[33014:8670801] Unlimited access to network resources
2014-10-26 19:03:47.283 HelloCordova[33014:8670801] CDVPlugin class IonicKeyboard (pluginName: keyboard) does not exist.
2014-10-26 19:03:47.284 HelloCordova[33014:8670801] [CDVTimer][keyboard] 3.158033ms
2014-10-26 19:03:47.284 HelloCordova[33014:8670801] [CDVTimer][TotalPluginStartup] 3.367960ms
2014-10-26 19:03:47.540 HelloCordova[33014:8670801] Resetting plugins due to page load.
2014-10-26 19:03:48.488 HelloCordova[33014:8670801] Finished load of: file:///Users/stanzheng/Library/Developer/CoreSimulator/Devices/22287734-C042-445B-85CB-BC6183137A09/data/Containers/Bundle/Application/A013ABA5-598A-4AAC-9A23-071FF96B777D/HelloCordova.app/www/index.html#/login
2014-10-26 19:03:48.671 HelloCordova[33014:8670801] CDVPlugin class CDVDevice (pluginName: Device) does not exist.
2014-10-26 19:03:48.671 HelloCordova[33014:8670801] ERROR: Plugin 'Device' not found, or is not a CDVPlugin. Check your plugin mapping in config.xml.
2014-10-26 19:03:48.672 HelloCordova[33014:8670801] -[CDVCommandQueue executePending] [Line 158] FAILED pluginJSON = [
  "Device1420720006",
  "Device",
  "getDeviceInfo",
  [

  ]
]
2014-10-26 19:04:07.587 HelloCordova[33014:8670880] Terminating since there is no system app.
